gcc/5.4.0(13):ERROR:150: Module 'gcc/5.4.0' conflicts with the currently loaded module(s) 'gcc/8.1.0'
gcc/5.4.0(13):ERROR:102: Tcl command execution failed: conflict $name

Running linpack on hs04
Wed May 15 13:59:29 AEST 2019
About to run /home/atra0021/pz64/atra0021/bin/hpl/2.3/bin/xhpl on  16 tasks
================================================================================
HPLinpack 2.3  --  High-Performance Linpack benchmark  --   December 2, 2018
Written by A. Petitet and R. Clint Whaley,  Innovative Computing Laboratory, UTK
Modified by Piotr Luszczek, Innovative Computing Laboratory, UTK
Modified by Julien Langou, University of Colorado Denver
================================================================================

An explanation of the input/output parameters follows:
T/V    : Wall time / encoded variant.
N      : The order of the coefficient matrix A.
NB     : The partitioning blocking factor.
P      : The number of process rows.
Q      : The number of process columns.
Time   : Time in seconds to solve the linear system.
Gflops : Rate of execution for solving the linear system.

The following parameter values will be used:

N      :   24000    48000    72000   100000 
NB     :     200 
PMAP   : Row-major process mapping
P      :       4        8        2        1       16 
Q      :       4        2        8       16        1 
PFACT  :   Crout 
NBMIN  :       4 
NDIV   :       2 
RFACT  :   Right 
BCAST  :  1ringM 
DEPTH  :       0 
SWAP   : Mix (threshold = 200)
L1     : transposed form
U      : transposed form
EQUIL  : yes
ALIGN  : 8 double precision words

--------------------------------------------------------------------------------

- The matrix A is randomly generated for each test.
- The following scaled residual check will be computed:
      ||Ax-b||_oo / ( eps * ( || x ||_oo * || A ||_oo + || b ||_oo ) * N )
- The relative machine precision (eps) is taken to be               1.110223e-16
- Computational tests pass if scaled residuals are less than                16.0

================================================================================
T/V                N    NB     P     Q               Time                 Gflops
--------------------------------------------------------------------------------
WR01R2C4       24000   200     4     4              30.07             3.0647e+02
HPL_pdgesv() start time Wed May 15 13:59:33 2019

HPL_pdgesv() end time   Wed May 15 14:00:03 2019

--------------------------------------------------------------------------------
||Ax-b||_oo/(eps*(||A||_oo*||x||_oo+||b||_oo)*N)=   3.77786284e-03 ...... PASSED
================================================================================
T/V                N    NB     P     Q               Time                 Gflops
--------------------------------------------------------------------------------
WR01R2C4       48000   200     4     4             216.05             3.4126e+02
HPL_pdgesv() start time Wed May 15 14:00:20 2019

HPL_pdgesv() end time   Wed May 15 14:03:56 2019

--------------------------------------------------------------------------------
||Ax-b||_oo/(eps*(||A||_oo*||x||_oo+||b||_oo)*N)=   3.61083994e-03 ...... PASSED
================================================================================
T/V                N    NB     P     Q               Time                 Gflops
--------------------------------------------------------------------------------
WR01R2C4       72000   200     4     4             705.12             3.5290e+02
HPL_pdgesv() start time Wed May 15 14:04:41 2019

HPL_pdgesv() end time   Wed May 15 14:16:26 2019

--------------------------------------------------------------------------------
||Ax-b||_oo/(eps*(||A||_oo*||x||_oo+||b||_oo)*N)=   3.19762060e-03 ...... PASSED
================================================================================
T/V                N    NB     P     Q               Time                 Gflops
--------------------------------------------------------------------------------
WR01R2C4      100000   200     4     4            1866.60             3.5716e+02
HPL_pdgesv() start time Wed May 15 14:17:58 2019

HPL_pdgesv() end time   Wed May 15 14:49:04 2019

--------------------------------------------------------------------------------
||Ax-b||_oo/(eps*(||A||_oo*||x||_oo+||b||_oo)*N)=   2.53554943e-03 ...... PASSED
================================================================================
T/V                N    NB     P     Q               Time                 Gflops
--------------------------------------------------------------------------------
WR01R2C4       24000   200     8     2              32.17             2.8650e+02
HPL_pdgesv() start time Wed May 15 14:50:15 2019

HPL_pdgesv() end time   Wed May 15 14:50:47 2019

--------------------------------------------------------------------------------
||Ax-b||_oo/(eps*(||A||_oo*||x||_oo+||b||_oo)*N)=   4.41572430e-03 ...... PASSED
================================================================================
T/V                N    NB     P     Q               Time                 Gflops
--------------------------------------------------------------------------------
WR01R2C4       48000   200     8     2             228.89             3.2213e+02
HPL_pdgesv() start time Wed May 15 14:51:04 2019

HPL_pdgesv() end time   Wed May 15 14:54:53 2019

--------------------------------------------------------------------------------
||Ax-b||_oo/(eps*(||A||_oo*||x||_oo+||b||_oo)*N)=   3.83205715e-03 ...... PASSED
================================================================================
T/V                N    NB     P     Q               Time                 Gflops
--------------------------------------------------------------------------------
WR01R2C4       72000   200     8     2             728.71             3.4148e+02
HPL_pdgesv() start time Wed May 15 14:55:38 2019

HPL_pdgesv() end time   Wed May 15 15:07:47 2019

--------------------------------------------------------------------------------
||Ax-b||_oo/(eps*(||A||_oo*||x||_oo+||b||_oo)*N)=   4.99813925e-03 ...... PASSED
================================================================================
T/V                N    NB     P     Q               Time                 Gflops
--------------------------------------------------------------------------------
WR01R2C4      100000   200     8     2            1904.63             3.5003e+02
HPL_pdgesv() start time Wed May 15 15:09:19 2019

HPL_pdgesv() end time   Wed May 15 15:41:03 2019

--------------------------------------------------------------------------------
||Ax-b||_oo/(eps*(||A||_oo*||x||_oo+||b||_oo)*N)=   3.38801072e-03 ...... PASSED
================================================================================
T/V                N    NB     P     Q               Time                 Gflops
--------------------------------------------------------------------------------
WR01R2C4       24000   200     2     8              29.48             3.1268e+02
HPL_pdgesv() start time Wed May 15 15:42:14 2019

HPL_pdgesv() end time   Wed May 15 15:42:44 2019

--------------------------------------------------------------------------------
||Ax-b||_oo/(eps*(||A||_oo*||x||_oo+||b||_oo)*N)=   2.69186669e-03 ...... PASSED
================================================================================
T/V                N    NB     P     Q               Time                 Gflops
--------------------------------------------------------------------------------
WR01R2C4       48000   200     2     8             214.59             3.4360e+02
HPL_pdgesv() start time Wed May 15 15:43:01 2019

HPL_pdgesv() end time   Wed May 15 15:46:35 2019

--------------------------------------------------------------------------------
||Ax-b||_oo/(eps*(||A||_oo*||x||_oo+||b||_oo)*N)=   2.85923931e-03 ...... PASSED
================================================================================
T/V                N    NB     P     Q               Time                 Gflops
--------------------------------------------------------------------------------
WR01R2C4       72000   200     2     8             707.87             3.5153e+02
HPL_pdgesv() start time Wed May 15 15:47:20 2019

HPL_pdgesv() end time   Wed May 15 15:59:08 2019

--------------------------------------------------------------------------------
||Ax-b||_oo/(eps*(||A||_oo*||x||_oo+||b||_oo)*N)=   2.70276820e-03 ...... PASSED
================================================================================
T/V                N    NB     P     Q               Time                 Gflops
--------------------------------------------------------------------------------
WR01R2C4      100000   200     2     8            1864.71             3.5753e+02
HPL_pdgesv() start time Wed May 15 16:00:39 2019

HPL_pdgesv() end time   Wed May 15 16:31:44 2019

--------------------------------------------------------------------------------
||Ax-b||_oo/(eps*(||A||_oo*||x||_oo+||b||_oo)*N)=   1.96661256e-03 ...... PASSED
================================================================================
T/V                N    NB     P     Q               Time                 Gflops
--------------------------------------------------------------------------------
WR01R2C4       24000   200     1    16              32.79             2.8108e+02
HPL_pdgesv() start time Wed May 15 16:32:55 2019

HPL_pdgesv() end time   Wed May 15 16:33:28 2019

--------------------------------------------------------------------------------
||Ax-b||_oo/(eps*(||A||_oo*||x||_oo+||b||_oo)*N)=   2.70410119e-03 ...... PASSED
================================================================================
T/V                N    NB     P     Q               Time                 Gflops
--------------------------------------------------------------------------------
WR01R2C4       48000   200     1    16             222.51             3.3136e+02
HPL_pdgesv() start time Wed May 15 16:33:45 2019

HPL_pdgesv() end time   Wed May 15 16:37:28 2019

--------------------------------------------------------------------------------
||Ax-b||_oo/(eps*(||A||_oo*||x||_oo+||b||_oo)*N)=   2.20832474e-03 ...... PASSED
================================================================================
T/V                N    NB     P     Q               Time                 Gflops
--------------------------------------------------------------------------------
WR01R2C4       72000   200     1    16             720.10             3.4556e+02
HPL_pdgesv() start time Wed May 15 16:38:13 2019

HPL_pdgesv() end time   Wed May 15 16:50:13 2019

--------------------------------------------------------------------------------
||Ax-b||_oo/(eps*(||A||_oo*||x||_oo+||b||_oo)*N)=   2.10146250e-03 ...... PASSED
================================================================================
T/V                N    NB     P     Q               Time                 Gflops
--------------------------------------------------------------------------------
WR01R2C4      100000   200     1    16            1893.15             3.5215e+02
HPL_pdgesv() start time Wed May 15 16:51:47 2019

HPL_pdgesv() end time   Wed May 15 17:23:20 2019

--------------------------------------------------------------------------------
||Ax-b||_oo/(eps*(||A||_oo*||x||_oo+||b||_oo)*N)=   1.43909018e-03 ...... PASSED
================================================================================
T/V                N    NB     P     Q               Time                 Gflops
--------------------------------------------------------------------------------
WR01R2C4       24000   200    16     1              39.83             2.3138e+02
HPL_pdgesv() start time Wed May 15 17:24:32 2019

HPL_pdgesv() end time   Wed May 15 17:25:12 2019

--------------------------------------------------------------------------------
||Ax-b||_oo/(eps*(||A||_oo*||x||_oo+||b||_oo)*N)=   4.25923420e-03 ...... PASSED
================================================================================
T/V                N    NB     P     Q               Time                 Gflops
--------------------------------------------------------------------------------
WR01R2C4       48000   200    16     1             253.80             2.9051e+02
HPL_pdgesv() start time Wed May 15 17:25:29 2019

HPL_pdgesv() end time   Wed May 15 17:29:43 2019

--------------------------------------------------------------------------------
||Ax-b||_oo/(eps*(||A||_oo*||x||_oo+||b||_oo)*N)=   4.40673802e-03 ...... PASSED
================================================================================
T/V                N    NB     P     Q               Time                 Gflops
--------------------------------------------------------------------------------
WR01R2C4       72000   200    16     1             790.63             3.1474e+02
HPL_pdgesv() start time Wed May 15 17:30:28 2019

HPL_pdgesv() end time   Wed May 15 17:43:39 2019

--------------------------------------------------------------------------------
||Ax-b||_oo/(eps*(||A||_oo*||x||_oo+||b||_oo)*N)=   4.03386103e-03 ...... PASSED
================================================================================
T/V                N    NB     P     Q               Time                 Gflops
--------------------------------------------------------------------------------
WR01R2C4      100000   200    16     1            2023.21             3.2952e+02
HPL_pdgesv() start time Wed May 15 17:45:12 2019

HPL_pdgesv() end time   Wed May 15 18:18:55 2019

--------------------------------------------------------------------------------
||Ax-b||_oo/(eps*(||A||_oo*||x||_oo+||b||_oo)*N)=   3.17028240e-03 ...... PASSED
================================================================================

Finished     20 tests with the following results:
             20 tests completed and passed residual checks,
              0 tests completed and failed residual checks,
              0 tests skipped because of illegal input values.
--------------------------------------------------------------------------------

End of Tests.
================================================================================
SLURM Finished
