Running linpack on hs04
Thu May 16 21:06:44 AEST 2019
================================================================================
HPLinpack 2.3  --  High-Performance Linpack benchmark  --   December 2, 2018
Written by A. Petitet and R. Clint Whaley,  Innovative Computing Laboratory, UTK
Modified by Piotr Luszczek, Innovative Computing Laboratory, UTK
Modified by Julien Langou, University of Colorado Denver
================================================================================

An explanation of the input/output parameters follows:
T/V    : Wall time / encoded variant.
N      : The order of the coefficient matrix A.
NB     : The partitioning blocking factor.
P      : The number of process rows.
Q      : The number of process columns.
Time   : Time in seconds to solve the linear system.
Gflops : Rate of execution for solving the linear system.

The following parameter values will be used:

N      :   24000    48000    72000   100000 
NB     :     200 
PMAP   : Row-major process mapping
P      :       4        8        2        1       16 
Q      :       4        2        8       16        1 
PFACT  :   Crout 
NBMIN  :       4 
NDIV   :       2 
RFACT  :   Right 
BCAST  :  1ringM 
DEPTH  :       0 
SWAP   : Mix (threshold = 200)
L1     : transposed form
U      : transposed form
EQUIL  : yes
ALIGN  : 8 double precision words

--------------------------------------------------------------------------------

- The matrix A is randomly generated for each test.
- The following scaled residual check will be computed:
      ||Ax-b||_oo / ( eps * ( || x ||_oo * || A ||_oo + || b ||_oo ) * N )
- The relative machine precision (eps) is taken to be               2.220446e-16
- Computational tests pass if scaled residuals are less than                16.0

================================================================================
T/V                N    NB     P     Q               Time                 Gflops
--------------------------------------------------------------------------------
WR01R2C4       24000   200     4     4              16.97             5.4319e+02
HPL_pdgesv() start time Thu May 16 21:06:47 2019

HPL_pdgesv() end time   Thu May 16 21:07:04 2019

--------------------------------------------------------------------------------
||Ax-b||_oo/(eps*(||A||_oo*||x||_oo+||b||_oo)*N)=   1.93237310e-03 ...... PASSED
================================================================================
T/V                N    NB     P     Q               Time                 Gflops
--------------------------------------------------------------------------------
WR01R2C4       48000   200     4     4             122.74             6.0073e+02
HPL_pdgesv() start time Thu May 16 21:07:07 2019

HPL_pdgesv() end time   Thu May 16 21:09:10 2019

--------------------------------------------------------------------------------
||Ax-b||_oo/(eps*(||A||_oo*||x||_oo+||b||_oo)*N)=   1.87960677e-03 ...... PASSED
================================================================================
T/V                N    NB     P     Q               Time                 Gflops
--------------------------------------------------------------------------------
WR01R2C4       72000   200     4     4             398.21             6.2490e+02
HPL_pdgesv() start time Thu May 16 21:09:19 2019

HPL_pdgesv() end time   Thu May 16 21:15:57 2019

--------------------------------------------------------------------------------
||Ax-b||_oo/(eps*(||A||_oo*||x||_oo+||b||_oo)*N)=   1.63199966e-03 ...... PASSED
================================================================================
T/V                N    NB     P     Q               Time                 Gflops
--------------------------------------------------------------------------------
WR01R2C4      100000   200     4     4            1046.09             6.3731e+02
HPL_pdgesv() start time Thu May 16 21:16:16 2019

HPL_pdgesv() end time   Thu May 16 21:33:42 2019

--------------------------------------------------------------------------------
||Ax-b||_oo/(eps*(||A||_oo*||x||_oo+||b||_oo)*N)=   1.34500563e-03 ...... PASSED
================================================================================
T/V                N    NB     P     Q               Time                 Gflops
--------------------------------------------------------------------------------
WR01R2C4       24000   200     8     2              18.93             4.8702e+02
HPL_pdgesv() start time Thu May 16 21:33:58 2019

HPL_pdgesv() end time   Thu May 16 21:34:17 2019

--------------------------------------------------------------------------------
||Ax-b||_oo/(eps*(||A||_oo*||x||_oo+||b||_oo)*N)=   2.27451375e-03 ...... PASSED
================================================================================
T/V                N    NB     P     Q               Time                 Gflops
--------------------------------------------------------------------------------
WR01R2C4       48000   200     8     2             130.26             5.6603e+02
HPL_pdgesv() start time Thu May 16 21:34:20 2019

HPL_pdgesv() end time   Thu May 16 21:36:30 2019

--------------------------------------------------------------------------------
||Ax-b||_oo/(eps*(||A||_oo*||x||_oo+||b||_oo)*N)=   2.34012318e-03 ...... PASSED
================================================================================
T/V                N    NB     P     Q               Time                 Gflops
--------------------------------------------------------------------------------
WR01R2C4       72000   200     8     2             410.83             6.0570e+02
HPL_pdgesv() start time Thu May 16 21:36:39 2019

HPL_pdgesv() end time   Thu May 16 21:43:30 2019

--------------------------------------------------------------------------------
||Ax-b||_oo/(eps*(||A||_oo*||x||_oo+||b||_oo)*N)=   2.13834616e-03 ...... PASSED
================================================================================
T/V                N    NB     P     Q               Time                 Gflops
--------------------------------------------------------------------------------
WR01R2C4      100000   200     8     2            1078.26             6.1830e+02
HPL_pdgesv() start time Thu May 16 21:43:49 2019

HPL_pdgesv() end time   Thu May 16 22:01:47 2019

--------------------------------------------------------------------------------
||Ax-b||_oo/(eps*(||A||_oo*||x||_oo+||b||_oo)*N)=   1.77320353e-03 ...... PASSED
================================================================================
T/V                N    NB     P     Q               Time                 Gflops
--------------------------------------------------------------------------------
WR01R2C4       24000   200     2     8              17.25             5.3430e+02
HPL_pdgesv() start time Thu May 16 22:02:03 2019

HPL_pdgesv() end time   Thu May 16 22:02:20 2019

--------------------------------------------------------------------------------
||Ax-b||_oo/(eps*(||A||_oo*||x||_oo+||b||_oo)*N)=   1.42060521e-03 ...... PASSED
================================================================================
T/V                N    NB     P     Q               Time                 Gflops
--------------------------------------------------------------------------------
WR01R2C4       48000   200     2     8             123.28             5.9810e+02
HPL_pdgesv() start time Thu May 16 22:02:24 2019

HPL_pdgesv() end time   Thu May 16 22:04:27 2019

--------------------------------------------------------------------------------
||Ax-b||_oo/(eps*(||A||_oo*||x||_oo+||b||_oo)*N)=   1.31963324e-03 ...... PASSED
================================================================================
T/V                N    NB     P     Q               Time                 Gflops
--------------------------------------------------------------------------------
WR01R2C4       72000   200     2     8             400.04             6.2203e+02
HPL_pdgesv() start time Thu May 16 22:04:36 2019

HPL_pdgesv() end time   Thu May 16 22:11:16 2019

--------------------------------------------------------------------------------
||Ax-b||_oo/(eps*(||A||_oo*||x||_oo+||b||_oo)*N)=   1.60393394e-03 ...... PASSED
================================================================================
T/V                N    NB     P     Q               Time                 Gflops
--------------------------------------------------------------------------------
WR01R2C4      100000   200     2     8            1049.92             6.3498e+02
HPL_pdgesv() start time Thu May 16 22:11:35 2019

HPL_pdgesv() end time   Thu May 16 22:29:04 2019

--------------------------------------------------------------------------------
||Ax-b||_oo/(eps*(||A||_oo*||x||_oo+||b||_oo)*N)=   9.60357822e-04 ...... PASSED
================================================================================
T/V                N    NB     P     Q               Time                 Gflops
--------------------------------------------------------------------------------
WR01R2C4       24000   200     1    16              18.68             4.9336e+02
HPL_pdgesv() start time Thu May 16 22:29:20 2019

HPL_pdgesv() end time   Thu May 16 22:29:39 2019

--------------------------------------------------------------------------------
||Ax-b||_oo/(eps*(||A||_oo*||x||_oo+||b||_oo)*N)=   1.30902286e-03 ...... PASSED
================================================================================
T/V                N    NB     P     Q               Time                 Gflops
--------------------------------------------------------------------------------
WR01R2C4       48000   200     1    16             128.10             5.7560e+02
HPL_pdgesv() start time Thu May 16 22:29:42 2019

HPL_pdgesv() end time   Thu May 16 22:31:50 2019

--------------------------------------------------------------------------------
||Ax-b||_oo/(eps*(||A||_oo*||x||_oo+||b||_oo)*N)=   1.09718401e-03 ...... PASSED
================================================================================
T/V                N    NB     P     Q               Time                 Gflops
--------------------------------------------------------------------------------
WR01R2C4       72000   200     1    16             409.79             6.0724e+02
HPL_pdgesv() start time Thu May 16 22:32:00 2019

HPL_pdgesv() end time   Thu May 16 22:38:49 2019

--------------------------------------------------------------------------------
||Ax-b||_oo/(eps*(||A||_oo*||x||_oo+||b||_oo)*N)=   1.12756510e-03 ...... PASSED
================================================================================
T/V                N    NB     P     Q               Time                 Gflops
--------------------------------------------------------------------------------
WR01R2C4      100000   200     1    16            1067.80             6.2435e+02
HPL_pdgesv() start time Thu May 16 22:39:08 2019

HPL_pdgesv() end time   Thu May 16 22:56:56 2019

--------------------------------------------------------------------------------
||Ax-b||_oo/(eps*(||A||_oo*||x||_oo+||b||_oo)*N)=   8.15813079e-04 ...... PASSED
================================================================================
T/V                N    NB     P     Q               Time                 Gflops
--------------------------------------------------------------------------------
WR01R2C4       24000   200    16     1              24.49             3.7630e+02
HPL_pdgesv() start time Thu May 16 22:57:12 2019

HPL_pdgesv() end time   Thu May 16 22:57:37 2019

--------------------------------------------------------------------------------
||Ax-b||_oo/(eps*(||A||_oo*||x||_oo+||b||_oo)*N)=   2.26267066e-03 ...... PASSED
================================================================================
T/V                N    NB     P     Q               Time                 Gflops
--------------------------------------------------------------------------------
WR01R2C4       48000   200    16     1             149.80             4.9221e+02
HPL_pdgesv() start time Thu May 16 22:57:40 2019

HPL_pdgesv() end time   Thu May 16 23:00:10 2019

--------------------------------------------------------------------------------
||Ax-b||_oo/(eps*(||A||_oo*||x||_oo+||b||_oo)*N)=   2.32290426e-03 ...... PASSED
================================================================================
T/V                N    NB     P     Q               Time                 Gflops
--------------------------------------------------------------------------------
WR01R2C4       72000   200    16     1             453.41             5.4882e+02
HPL_pdgesv() start time Thu May 16 23:00:19 2019

HPL_pdgesv() end time   Thu May 16 23:07:52 2019

--------------------------------------------------------------------------------
||Ax-b||_oo/(eps*(||A||_oo*||x||_oo+||b||_oo)*N)=   2.08154269e-03 ...... PASSED
================================================================================
T/V                N    NB     P     Q               Time                 Gflops
--------------------------------------------------------------------------------
WR01R2C4      100000   200    16     1            1152.57             5.7843e+02
HPL_pdgesv() start time Thu May 16 23:08:11 2019

HPL_pdgesv() end time   Thu May 16 23:27:24 2019

--------------------------------------------------------------------------------
||Ax-b||_oo/(eps*(||A||_oo*||x||_oo+||b||_oo)*N)=   1.73341277e-03 ...... PASSED
================================================================================

Finished     20 tests with the following results:
             20 tests completed and passed residual checks,
              0 tests completed and failed residual checks,
              0 tests skipped because of illegal input values.
--------------------------------------------------------------------------------

End of Tests.
================================================================================
Finished
