Running linpack on hs04
Fri May 10 12:48:45 AEST 2019
================================================================================
HPLinpack 2.3  --  High-Performance Linpack benchmark  --   December 2, 2018
Written by A. Petitet and R. Clint Whaley,  Innovative Computing Laboratory, UTK
Modified by Piotr Luszczek, Innovative Computing Laboratory, UTK
Modified by Julien Langou, University of Colorado Denver
================================================================================

An explanation of the input/output parameters follows:
T/V    : Wall time / encoded variant.
N      : The order of the coefficient matrix A.
NB     : The partitioning blocking factor.
P      : The number of process rows.
Q      : The number of process columns.
Time   : Time in seconds to solve the linear system.
Gflops : Rate of execution for solving the linear system.

The following parameter values will be used:

N      :   24000    48000    72000   100000 
NB     :     200 
PMAP   : Row-major process mapping
P      :       4        8        2 
Q      :       4        2        8 
PFACT  :   Crout 
NBMIN  :       4 
NDIV   :       2 
RFACT  :   Right 
BCAST  :  1ringM 
DEPTH  :       0 
SWAP   : Mix (threshold = 200)
L1     : transposed form
U      : transposed form
EQUIL  : yes
ALIGN  : 8 double precision words

--------------------------------------------------------------------------------

- The matrix A is randomly generated for each test.
- The following scaled residual check will be computed:
      ||Ax-b||_oo / ( eps * ( || x ||_oo * || A ||_oo + || b ||_oo ) * N )
- The relative machine precision (eps) is taken to be               1.110223e-16
- Computational tests pass if scaled residuals are less than                16.0

================================================================================
T/V                N    NB     P     Q               Time                 Gflops
--------------------------------------------------------------------------------
WR01R2C4       24000   200     4     4              17.91             5.1454e+02
HPL_pdgesv() start time Fri May 10 12:48:50 2019

HPL_pdgesv() end time   Fri May 10 12:49:08 2019

--------------------------------------------------------------------------------
||Ax-b||_oo/(eps*(||A||_oo*||x||_oo+||b||_oo)*N)=   3.86474621e-03 ...... PASSED
================================================================================
T/V                N    NB     P     Q               Time                 Gflops
--------------------------------------------------------------------------------
WR01R2C4       48000   200     4     4             124.98             5.8997e+02
HPL_pdgesv() start time Fri May 10 12:49:25 2019

HPL_pdgesv() end time   Fri May 10 12:51:30 2019

--------------------------------------------------------------------------------
||Ax-b||_oo/(eps*(||A||_oo*||x||_oo+||b||_oo)*N)=   3.75921353e-03 ...... PASSED
================================================================================
T/V                N    NB     P     Q               Time                 Gflops
--------------------------------------------------------------------------------
WR01R2C4       72000   200     4     4             403.06             6.1737e+02
HPL_pdgesv() start time Fri May 10 12:52:14 2019

HPL_pdgesv() end time   Fri May 10 12:58:57 2019

--------------------------------------------------------------------------------
||Ax-b||_oo/(eps*(||A||_oo*||x||_oo+||b||_oo)*N)=   3.26399931e-03 ...... PASSED
================================================================================
T/V                N    NB     P     Q               Time                 Gflops
--------------------------------------------------------------------------------
WR01R2C4      100000   200     4     4            1058.18             6.3003e+02
HPL_pdgesv() start time Fri May 10 13:00:28 2019

HPL_pdgesv() end time   Fri May 10 13:18:06 2019

--------------------------------------------------------------------------------
||Ax-b||_oo/(eps*(||A||_oo*||x||_oo+||b||_oo)*N)=   2.69001127e-03 ...... PASSED
================================================================================
T/V                N    NB     P     Q               Time                 Gflops
--------------------------------------------------------------------------------
WR01R2C4       24000   200     8     2              20.14             4.5770e+02
HPL_pdgesv() start time Fri May 10 13:19:16 2019

HPL_pdgesv() end time   Fri May 10 13:19:36 2019

--------------------------------------------------------------------------------
||Ax-b||_oo/(eps*(||A||_oo*||x||_oo+||b||_oo)*N)=   4.54902750e-03 ...... PASSED
================================================================================
T/V                N    NB     P     Q               Time                 Gflops
--------------------------------------------------------------------------------
WR01R2C4       48000   200     8     2             134.47             5.4830e+02
HPL_pdgesv() start time Fri May 10 13:19:53 2019

HPL_pdgesv() end time   Fri May 10 13:22:07 2019

--------------------------------------------------------------------------------
||Ax-b||_oo/(eps*(||A||_oo*||x||_oo+||b||_oo)*N)=   4.68024635e-03 ...... PASSED
================================================================================
T/V                N    NB     P     Q               Time                 Gflops
--------------------------------------------------------------------------------
WR01R2C4       72000   200     8     2             420.41             5.9190e+02
HPL_pdgesv() start time Fri May 10 13:22:52 2019

HPL_pdgesv() end time   Fri May 10 13:29:52 2019

--------------------------------------------------------------------------------
||Ax-b||_oo/(eps*(||A||_oo*||x||_oo+||b||_oo)*N)=   4.27669233e-03 ...... PASSED
================================================================================
T/V                N    NB     P     Q               Time                 Gflops
--------------------------------------------------------------------------------
WR01R2C4      100000   200     8     2            1102.02             6.0497e+02
HPL_pdgesv() start time Fri May 10 13:31:23 2019

HPL_pdgesv() end time   Fri May 10 13:49:45 2019

--------------------------------------------------------------------------------
||Ax-b||_oo/(eps*(||A||_oo*||x||_oo+||b||_oo)*N)=   3.54640706e-03 ...... PASSED
================================================================================
T/V                N    NB     P     Q               Time                 Gflops
--------------------------------------------------------------------------------
WR01R2C4       24000   200     2     8              17.43             5.2864e+02
HPL_pdgesv() start time Fri May 10 13:50:55 2019

HPL_pdgesv() end time   Fri May 10 13:51:13 2019

--------------------------------------------------------------------------------
||Ax-b||_oo/(eps*(||A||_oo*||x||_oo+||b||_oo)*N)=   2.84121042e-03 ...... PASSED
================================================================================
T/V                N    NB     P     Q               Time                 Gflops
--------------------------------------------------------------------------------
WR01R2C4       48000   200     2     8             124.14             5.9393e+02
HPL_pdgesv() start time Fri May 10 13:51:30 2019

HPL_pdgesv() end time   Fri May 10 13:53:34 2019

--------------------------------------------------------------------------------
||Ax-b||_oo/(eps*(||A||_oo*||x||_oo+||b||_oo)*N)=   2.63926647e-03 ...... PASSED
================================================================================
T/V                N    NB     P     Q               Time                 Gflops
--------------------------------------------------------------------------------
WR01R2C4       72000   200     2     8             402.61             6.1807e+02
HPL_pdgesv() start time Fri May 10 13:54:18 2019

HPL_pdgesv() end time   Fri May 10 14:01:01 2019

--------------------------------------------------------------------------------
||Ax-b||_oo/(eps*(||A||_oo*||x||_oo+||b||_oo)*N)=   3.20786788e-03 ...... PASSED
================================================================================
T/V                N    NB     P     Q               Time                 Gflops
--------------------------------------------------------------------------------
WR01R2C4      100000   200     2     8            1057.95             6.3017e+02
HPL_pdgesv() start time Fri May 10 14:02:32 2019

HPL_pdgesv() end time   Fri May 10 14:20:10 2019

--------------------------------------------------------------------------------
||Ax-b||_oo/(eps*(||A||_oo*||x||_oo+||b||_oo)*N)=   1.92071564e-03 ...... PASSED
================================================================================

Finished     12 tests with the following results:
             12 tests completed and passed residual checks,
              0 tests completed and failed residual checks,
              0 tests skipped because of illegal input values.
--------------------------------------------------------------------------------

End of Tests.
================================================================================
Finished
