Running linpack on hs04
Sat May 11 10:12:07 AEST 2019
================================================================================
HPLinpack 2.3  --  High-Performance Linpack benchmark  --   December 2, 2018
Written by A. Petitet and R. Clint Whaley,  Innovative Computing Laboratory, UTK
Modified by Piotr Luszczek, Innovative Computing Laboratory, UTK
Modified by Julien Langou, University of Colorado Denver
================================================================================

An explanation of the input/output parameters follows:
T/V    : Wall time / encoded variant.
N      : The order of the coefficient matrix A.
NB     : The partitioning blocking factor.
P      : The number of process rows.
Q      : The number of process columns.
Time   : Time in seconds to solve the linear system.
Gflops : Rate of execution for solving the linear system.

The following parameter values will be used:

N      :   24000    48000    72000   100000 
NB     :     200 
PMAP   : Row-major process mapping
P      :       4        8        2        1       16 
Q      :       4        2        8       16        1 
PFACT  :   Crout 
NBMIN  :       4 
NDIV   :       2 
RFACT  :   Right 
BCAST  :  1ringM 
DEPTH  :       0 
SWAP   : Mix (threshold = 200)
L1     : transposed form
U      : transposed form
EQUIL  : yes
ALIGN  : 8 double precision words

--------------------------------------------------------------------------------

- The matrix A is randomly generated for each test.
- The following scaled residual check will be computed:
      ||Ax-b||_oo / ( eps * ( || x ||_oo * || A ||_oo + || b ||_oo ) * N )
- The relative machine precision (eps) is taken to be               1.110223e-16
- Computational tests pass if scaled residuals are less than                16.0

================================================================================
T/V                N    NB     P     Q               Time                 Gflops
--------------------------------------------------------------------------------
WR01R2C4       24000   200     4     4              20.47             4.5016e+02
HPL_pdgesv() start time Sat May 11 10:12:14 2019

HPL_pdgesv() end time   Sat May 11 10:12:34 2019

--------------------------------------------------------------------------------
||Ax-b||_oo/(eps*(||A||_oo*||x||_oo+||b||_oo)*N)=   3.86474621e-03 ...... PASSED
================================================================================
T/V                N    NB     P     Q               Time                 Gflops
--------------------------------------------------------------------------------
WR01R2C4       48000   200     4     4             124.78             5.9088e+02
HPL_pdgesv() start time Sat May 11 10:12:51 2019

HPL_pdgesv() end time   Sat May 11 10:14:56 2019

--------------------------------------------------------------------------------
||Ax-b||_oo/(eps*(||A||_oo*||x||_oo+||b||_oo)*N)=   3.75921353e-03 ...... PASSED
================================================================================
T/V                N    NB     P     Q               Time                 Gflops
--------------------------------------------------------------------------------
WR01R2C4       72000   200     4     4             402.89             6.1763e+02
HPL_pdgesv() start time Sat May 11 10:15:40 2019

HPL_pdgesv() end time   Sat May 11 10:22:23 2019

--------------------------------------------------------------------------------
||Ax-b||_oo/(eps*(||A||_oo*||x||_oo+||b||_oo)*N)=   3.26399931e-03 ...... PASSED
================================================================================
T/V                N    NB     P     Q               Time                 Gflops
--------------------------------------------------------------------------------
WR01R2C4      100000   200     4     4            1061.53             6.2804e+02
HPL_pdgesv() start time Sat May 11 10:23:53 2019

HPL_pdgesv() end time   Sat May 11 10:41:34 2019

--------------------------------------------------------------------------------
||Ax-b||_oo/(eps*(||A||_oo*||x||_oo+||b||_oo)*N)=   2.69001127e-03 ...... PASSED
================================================================================
T/V                N    NB     P     Q               Time                 Gflops
--------------------------------------------------------------------------------
WR01R2C4       24000   200     8     2              20.81             4.4288e+02
HPL_pdgesv() start time Sat May 11 10:42:44 2019

HPL_pdgesv() end time   Sat May 11 10:43:05 2019

--------------------------------------------------------------------------------
||Ax-b||_oo/(eps*(||A||_oo*||x||_oo+||b||_oo)*N)=   4.54902750e-03 ...... PASSED
================================================================================
T/V                N    NB     P     Q               Time                 Gflops
--------------------------------------------------------------------------------
WR01R2C4       48000   200     8     2             134.08             5.4990e+02
HPL_pdgesv() start time Sat May 11 10:43:22 2019

HPL_pdgesv() end time   Sat May 11 10:45:36 2019

--------------------------------------------------------------------------------
||Ax-b||_oo/(eps*(||A||_oo*||x||_oo+||b||_oo)*N)=   4.68024635e-03 ...... PASSED
================================================================================
T/V                N    NB     P     Q               Time                 Gflops
--------------------------------------------------------------------------------
WR01R2C4       72000   200     8     2             419.96             5.9253e+02
HPL_pdgesv() start time Sat May 11 10:46:20 2019

HPL_pdgesv() end time   Sat May 11 10:53:20 2019

--------------------------------------------------------------------------------
||Ax-b||_oo/(eps*(||A||_oo*||x||_oo+||b||_oo)*N)=   4.27669233e-03 ...... PASSED
================================================================================
T/V                N    NB     P     Q               Time                 Gflops
--------------------------------------------------------------------------------
WR01R2C4      100000   200     8     2            1103.07             6.0439e+02
HPL_pdgesv() start time Sat May 11 10:54:50 2019

HPL_pdgesv() end time   Sat May 11 11:13:13 2019

--------------------------------------------------------------------------------
||Ax-b||_oo/(eps*(||A||_oo*||x||_oo+||b||_oo)*N)=   3.54640706e-03 ...... PASSED
================================================================================
T/V                N    NB     P     Q               Time                 Gflops
--------------------------------------------------------------------------------
WR01R2C4       24000   200     2     8              17.46             5.2795e+02
HPL_pdgesv() start time Sat May 11 11:14:23 2019

HPL_pdgesv() end time   Sat May 11 11:14:41 2019

--------------------------------------------------------------------------------
||Ax-b||_oo/(eps*(||A||_oo*||x||_oo+||b||_oo)*N)=   2.84121042e-03 ...... PASSED
================================================================================
T/V                N    NB     P     Q               Time                 Gflops
--------------------------------------------------------------------------------
WR01R2C4       48000   200     2     8             124.32             5.9308e+02
HPL_pdgesv() start time Sat May 11 11:14:57 2019

HPL_pdgesv() end time   Sat May 11 11:17:01 2019

--------------------------------------------------------------------------------
||Ax-b||_oo/(eps*(||A||_oo*||x||_oo+||b||_oo)*N)=   2.63926647e-03 ...... PASSED
================================================================================
T/V                N    NB     P     Q               Time                 Gflops
--------------------------------------------------------------------------------
WR01R2C4       72000   200     2     8             403.25             6.1708e+02
HPL_pdgesv() start time Sat May 11 11:17:46 2019

HPL_pdgesv() end time   Sat May 11 11:24:29 2019

--------------------------------------------------------------------------------
||Ax-b||_oo/(eps*(||A||_oo*||x||_oo+||b||_oo)*N)=   3.20786788e-03 ...... PASSED
================================================================================
T/V                N    NB     P     Q               Time                 Gflops
--------------------------------------------------------------------------------
WR01R2C4      100000   200     2     8            1059.55             6.2921e+02
HPL_pdgesv() start time Sat May 11 11:25:59 2019

HPL_pdgesv() end time   Sat May 11 11:43:39 2019

--------------------------------------------------------------------------------
||Ax-b||_oo/(eps*(||A||_oo*||x||_oo+||b||_oo)*N)=   1.92071564e-03 ...... PASSED
================================================================================
T/V                N    NB     P     Q               Time                 Gflops
--------------------------------------------------------------------------------
WR01R2C4       24000   200     1    16              18.95             4.8648e+02
HPL_pdgesv() start time Sat May 11 11:44:49 2019

HPL_pdgesv() end time   Sat May 11 11:45:08 2019

--------------------------------------------------------------------------------
||Ax-b||_oo/(eps*(||A||_oo*||x||_oo+||b||_oo)*N)=   2.61804572e-03 ...... PASSED
================================================================================
T/V                N    NB     P     Q               Time                 Gflops
--------------------------------------------------------------------------------
WR01R2C4       48000   200     1    16             128.86             5.7219e+02
HPL_pdgesv() start time Sat May 11 11:45:25 2019

HPL_pdgesv() end time   Sat May 11 11:47:34 2019

--------------------------------------------------------------------------------
||Ax-b||_oo/(eps*(||A||_oo*||x||_oo+||b||_oo)*N)=   2.19436801e-03 ...... PASSED
================================================================================
T/V                N    NB     P     Q               Time                 Gflops
--------------------------------------------------------------------------------
WR01R2C4       72000   200     1    16             410.95             6.0552e+02
HPL_pdgesv() start time Sat May 11 11:48:19 2019

HPL_pdgesv() end time   Sat May 11 11:55:10 2019

--------------------------------------------------------------------------------
||Ax-b||_oo/(eps*(||A||_oo*||x||_oo+||b||_oo)*N)=   2.25513020e-03 ...... PASSED
================================================================================
T/V                N    NB     P     Q               Time                 Gflops
--------------------------------------------------------------------------------
WR01R2C4      100000   200     1    16            1073.47             6.2105e+02
HPL_pdgesv() start time Sat May 11 11:56:42 2019

HPL_pdgesv() end time   Sat May 11 12:14:35 2019

--------------------------------------------------------------------------------
||Ax-b||_oo/(eps*(||A||_oo*||x||_oo+||b||_oo)*N)=   1.63162616e-03 ...... PASSED
================================================================================
T/V                N    NB     P     Q               Time                 Gflops
--------------------------------------------------------------------------------
WR01R2C4       24000   200    16     1              27.55             3.3458e+02
HPL_pdgesv() start time Sat May 11 12:15:47 2019

HPL_pdgesv() end time   Sat May 11 12:16:15 2019

--------------------------------------------------------------------------------
||Ax-b||_oo/(eps*(||A||_oo*||x||_oo+||b||_oo)*N)=   4.52534133e-03 ...... PASSED
================================================================================
T/V                N    NB     P     Q               Time                 Gflops
--------------------------------------------------------------------------------
WR01R2C4       48000   200    16     1             158.58             4.6494e+02
HPL_pdgesv() start time Sat May 11 12:16:31 2019

HPL_pdgesv() end time   Sat May 11 12:19:10 2019

--------------------------------------------------------------------------------
||Ax-b||_oo/(eps*(||A||_oo*||x||_oo+||b||_oo)*N)=   4.64580852e-03 ...... PASSED
================================================================================
T/V                N    NB     P     Q               Time                 Gflops
--------------------------------------------------------------------------------
WR01R2C4       72000   200    16     1             476.16             5.2260e+02
HPL_pdgesv() start time Sat May 11 12:19:55 2019

HPL_pdgesv() end time   Sat May 11 12:27:51 2019

--------------------------------------------------------------------------------
||Ax-b||_oo/(eps*(||A||_oo*||x||_oo+||b||_oo)*N)=   4.16308537e-03 ...... PASSED
================================================================================
T/V                N    NB     P     Q               Time                 Gflops
--------------------------------------------------------------------------------
WR01R2C4      100000   200    16     1            1197.26             5.5684e+02
HPL_pdgesv() start time Sat May 11 12:29:23 2019

HPL_pdgesv() end time   Sat May 11 12:49:20 2019

--------------------------------------------------------------------------------
||Ax-b||_oo/(eps*(||A||_oo*||x||_oo+||b||_oo)*N)=   3.46682554e-03 ...... PASSED
================================================================================

Finished     20 tests with the following results:
             20 tests completed and passed residual checks,
              0 tests completed and failed residual checks,
              0 tests skipped because of illegal input values.
--------------------------------------------------------------------------------

End of Tests.
================================================================================
Finished
